<?xml version="1.0" encoding="UTF-8"?>
<!-- Generated by org.testng.reporters.JUnitXMLReporter -->
<testsuite ignored="2" hostname="Awinkle" failures="0" tests="2" name="Test" time="0.068" errors="0" timestamp="2023-01-06T16:08:50 IST">
  <testcase classname="BasicTestScript.DemoTestScriptTest2" name="verifyCustomer" time="0.012"/>
  <testcase classname="BasicTestScript.DemoTestScriptTest" name="verifyHomePageTest" time="0.003"/>
  <testcase classname="genericUtility.BaseClass" name="@AfterSuite asConfi" time="0.0">
    <ignored/>
  </testcase> <!-- @AfterSuite asConfi -->
  <testcase classname="genericUtility.BaseClass" name="@BeforeSuite bsConfi" time="0.0">
    <ignored/>
  </testcase> <!-- @BeforeSuite bsConfi -->
</testsuite> <!-- Test -->
