<?xml version="1.0" encoding="UTF-8"?>
<testng-results ignored="0" total="1" passed="1" failed="0" skipped="0">
  <reporter-output>
  </reporter-output>
  <suite started-at="2023-01-10T16:19:47 IST" name="Default suite" finished-at="2023-01-10T16:20:46 IST" duration-ms="59193">
    <groups>
    </groups>
    <test started-at="2023-01-10T16:19:47 IST" name="Default test" finished-at="2023-01-10T16:20:46 IST" duration-ms="59193">
      <class name="BasicTestScript.ToVerifyHomePageTest2">
        <test-method is-config="true" signature="bsConfi()[pri:0, instance:BasicTestScript.ToVerifyHomePageTest2@9353778]" started-at="2023-01-10T16:19:47 IST" name="bsConfi" finished-at="2023-01-10T16:19:47 IST" duration-ms="27" status="PASS">
          <reporter-output>
          </reporter-output>
        </test-method> <!-- bsConfi -->
        <test-method is-config="true" signature="bcConfi()[pri:0, instance:BasicTestScript.ToVerifyHomePageTest2@9353778]" started-at="2023-01-10T16:19:47 IST" name="bcConfi" finished-at="2023-01-10T16:20:29 IST" duration-ms="42489" status="PASS">
          <reporter-output>
          </reporter-output>
        </test-method> <!-- bcConfi -->
        <test-method is-config="true" signature="bmConfi()[pri:0, instance:BasicTestScript.ToVerifyHomePageTest2@9353778]" started-at="2023-01-10T16:20:29 IST" name="bmConfi" finished-at="2023-01-10T16:20:31 IST" duration-ms="1081" status="PASS">
          <reporter-output>
          </reporter-output>
        </test-method> <!-- bmConfi -->
        <test-method signature="ToVerifyHomePageTest()[pri:0, instance:BasicTestScript.ToVerifyHomePageTest2@9353778]" started-at="2023-01-10T16:20:31 IST" name="ToVerifyHomePageTest" finished-at="2023-01-10T16:20:46 IST" duration-ms="15442" status="PASS">
          <reporter-output>
          </reporter-output>
        </test-method> <!-- ToVerifyHomePageTest -->
        <test-method is-config="true" signature="amConfi()[pri:0, instance:BasicTestScript.ToVerifyHomePageTest2@9353778]" started-at="2023-01-10T16:20:46 IST" name="amConfi" finished-at="2023-01-10T16:20:46 IST" duration-ms="21" status="FAIL">
          <exception class="org.openqa.selenium.NoSuchSessionException">
            <message>
              <![CDATA[Session ID is null. Using WebDriver after calling quit()?
Build info: version: '3.141.59', revision: 'e82be7d358', time: '2018-11-14T08:25:53'
System info: host: 'AWINKLE', ip: '192.168.152.1', os.name: 'Windows 10', os.arch: 'amd64', os.version: '10.0', java.version: '18.0.2'
Driver info: driver.version: RemoteWebDriver]]>
            </message>
            <full-stacktrace>
              <![CDATA[org.openqa.selenium.NoSuchSessionException: Session ID is null. Using WebDriver after calling quit()?
Build info: version: '3.141.59', revision: 'e82be7d358', time: '2018-11-14T08:25:53'
System info: host: 'AWINKLE', ip: '192.168.152.1', os.name: 'Windows 10', os.arch: 'amd64', os.version: '10.0', java.version: '18.0.2'
Driver info: driver.version: RemoteWebDriver
at org.openqa.selenium.remote.HttpCommandExecutor.execute(HttpCommandExecutor.java:125)
at org.openqa.selenium.remote.service.DriverCommandExecutor.execute(DriverCommandExecutor.java:83)
at org.openqa.selenium.remote.RemoteWebDriver.execute(RemoteWebDriver.java:552)
at org.openqa.selenium.remote.RemoteWebDriver.findElement(RemoteWebDriver.java:323)
at org.openqa.selenium.remote.RemoteWebDriver.findElementById(RemoteWebDriver.java:372)
at org.openqa.selenium.By$ById.findElement(By.java:188)
at org.openqa.selenium.remote.RemoteWebDriver.findElement(RemoteWebDriver.java:315)
at org.openqa.selenium.support.pagefactory.DefaultElementLocator.findElement(DefaultElementLocator.java:69)
at org.openqa.selenium.support.pagefactory.internal.LocatingElementHandler.invoke(LocatingElementHandler.java:38)
at jdk.proxy2/jdk.proxy2.$Proxy16.click(Unknown Source)
at POMRepo.HomePage.logoutAction(HomePage.java:31)
at genericUtility.BaseClass.amConfi(BaseClass.java:52)
at java.base/jdk.internal.reflect.DirectMethodHandleAccessor.invoke(DirectMethodHandleAccessor.java:104)
at java.base/java.lang.reflect.Method.invoke(Method.java:577)
at org.testng.internal.MethodInvocationHelper.invokeMethod(MethodInvocationHelper.java:133)
at org.testng.internal.MethodInvocationHelper.invokeMethodConsideringTimeout(MethodInvocationHelper.java:62)
at org.testng.internal.ConfigInvoker.invokeConfigurationMethod(ConfigInvoker.java:385)
at org.testng.internal.ConfigInvoker.invokeConfigurations(ConfigInvoker.java:321)
at org.testng.internal.TestInvoker.runConfigMethods(TestInvoker.java:700)
at org.testng.internal.TestInvoker.runAfterGroupsConfigurations(TestInvoker.java:676)
at org.testng.internal.TestInvoker.invokeMethod(TestInvoker.java:660)
at org.testng.internal.TestInvoker.invokeTestMethod(TestInvoker.java:173)
at org.testng.internal.MethodRunner.runInSequence(MethodRunner.java:46)
at org.testng.internal.TestInvoker$MethodInvocationAgent.invoke(TestInvoker.java:824)
at org.testng.internal.TestInvoker.invokeTestMethods(TestInvoker.java:146)
at org.testng.internal.TestMethodWorker.invokeTestMethods(TestMethodWorker.java:146)
at org.testng.internal.TestMethodWorker.run(TestMethodWorker.java:128)
at java.base/java.util.ArrayList.forEach(ArrayList.java:1511)
at org.testng.TestRunner.privateRun(TestRunner.java:794)
at org.testng.TestRunner.run(TestRunner.java:596)
at org.testng.SuiteRunner.runTest(SuiteRunner.java:377)
at org.testng.SuiteRunner.runSequentially(SuiteRunner.java:371)
at org.testng.SuiteRunner.privateRun(SuiteRunner.java:332)
at org.testng.SuiteRunner.run(SuiteRunner.java:276)
at org.testng.SuiteRunnerWorker.runSuite(SuiteRunnerWorker.java:53)
at org.testng.SuiteRunnerWorker.run(SuiteRunnerWorker.java:96)
at org.testng.TestNG.runSuitesSequentially(TestNG.java:1212)
at org.testng.TestNG.runSuitesLocally(TestNG.java:1134)
at org.testng.TestNG.runSuites(TestNG.java:1063)
at org.testng.TestNG.run(TestNG.java:1031)
at org.testng.remote.AbstractRemoteTestNG.run(AbstractRemoteTestNG.java:115)
at org.testng.remote.RemoteTestNG.initAndRun(RemoteTestNG.java:251)
at org.testng.remote.RemoteTestNG.main(RemoteTestNG.java:77)
]]>
            </full-stacktrace>
          </exception> <!-- org.openqa.selenium.NoSuchSessionException -->
          <reporter-output>
          </reporter-output>
        </test-method> <!-- amConfi -->
        <test-method is-config="true" signature="acConfi()[pri:0, instance:BasicTestScript.ToVerifyHomePageTest2@9353778]" started-at="2023-01-10T16:20:46 IST" name="acConfi" finished-at="1970-01-01T05:30:00 IST" duration-ms="-1673347846559" status="SKIP">
          <reporter-output>
          </reporter-output>
        </test-method> <!-- acConfi -->
        <test-method is-config="true" signature="asConfi()[pri:0, instance:BasicTestScript.ToVerifyHomePageTest2@9353778]" started-at="2023-01-10T16:20:46 IST" name="asConfi" finished-at="2023-01-10T16:20:46 IST" duration-ms="2" status="PASS">
          <reporter-output>
          </reporter-output>
        </test-method> <!-- asConfi -->
      </class> <!-- BasicTestScript.ToVerifyHomePageTest2 -->
    </test> <!-- Default test -->
  </suite> <!-- Default suite -->
</testng-results>
